[10:27:15] [User Authenticator #30/INFO]: UUID of player shad0w_yrd is 2d37133d-f2ab-330c-9a92-702fb2c92964
[10:27:16] [Server thread/INFO]: shad0w_yrd joined the game
[10:27:16] [Server thread/INFO]: shad0w_yrd[/89.190.206.76:52269] logged in with entity id 255087 at ([world]130.62746916312838, 104.0, 826.3874875369589)
[11:01:30] [User Authenticator #31/INFO]: UUID of player Bijytera is 7d5a1814-f3bc-3809-96b1-12859ffdcb66
[11:01:30] [Server thread/INFO]: Bijytera joined the game
[11:01:30] [Server thread/INFO]: Bijytera[/78.130.207.175:63522] logged in with entity id 258450 at ([world]134.91883502736357, 108.0, 845.8566617069686)
[11:05:32] [Server thread/INFO]: Bijytera issued server command: /sit
[11:06:00] [Async Chat Thread - #11/INFO]: <shad0w_yrd> kp
[11:06:04] [Async Chat Thread - #11/INFO]: <Bijytera> ti si se susipal da suzdavash neshta
[11:06:14] [Async Chat Thread - #11/INFO]: <Bijytera> idvam si ot izpit
[11:06:15] [Async Chat Thread - #11/INFO]: <shad0w_yrd> :D
[11:06:20] [Async Chat Thread - #11/INFO]: <shad0w_yrd> aa i kak mina
[11:06:24] [Async Chat Thread - #11/INFO]: <Bijytera> discord
[11:06:32] [Async Chat Thread - #11/INFO]: <shad0w_yrd> mhm
[11:06:33] [Async Chat Thread - #11/INFO]: <Bijytera> ami gore doly
[11:06:45] [Async Chat Thread - #11/INFO]: <Bijytera> pyskam go
[11:07:03] [Async Chat Thread - #11/INFO]: <shad0w_yrd> imash hopper v teb
[11:57:50] [User Authenticator #32/INFO]: UUID of player Dentalux is 8ccd7560-30f4-3588-a510-11fae79ce2de
[11:57:50] [Server thread/INFO]: Dentalux joined the game
[11:57:50] [Server thread/INFO]: Dentalux[/89.190.206.76:52525] logged in with entity id 267555 at ([world]108.08154868858873, 105.0, 841.1168396176869)
[12:11:56] [Server thread/INFO]: Bijytera lost connection: Disconnected
[12:11:56] [Server thread/INFO]: Bijytera left the game
[12:12:23] [User Authenticator #33/INFO]: UUID of player Bijytera is 7d5a1814-f3bc-3809-96b1-12859ffdcb66
[12:12:23] [Server thread/INFO]: Bijytera joined the game
[12:12:23] [Server thread/INFO]: Bijytera[/78.130.207.175:56214] logged in with entity id 271285 at ([world]144.3724691495316, 96.5625, 854.6319957242621)
[12:22:04] [Server thread/INFO]: Dentalux lost connection: Disconnected
[12:22:04] [Server thread/INFO]: Dentalux left the game
[12:49:11] [User Authenticator #34/INFO]: UUID of player Dentalux is 8ccd7560-30f4-3588-a510-11fae79ce2de
[12:49:11] [Server thread/INFO]: Dentalux joined the game
[12:49:11] [Server thread/INFO]: Dentalux[/89.190.206.76:52739] logged in with entity id 278509 at ([world]150.96623931460547, 104.0, 803.9505957435938)
[13:07:29] [User Authenticator #35/INFO]: UUID of player Fr0zenGuy is 23ab2644-a1d2-3d41-b9d1-3454d774568f
[13:07:30] [Server thread/INFO]: Fr0zenGuy joined the game
[13:07:30] [Server thread/INFO]: Fr0zenGuy[/89.106.103.199:64591] logged in with entity id 282500 at ([world]-715.0241056093279, 44.0, 4484.699311797076)
[13:14:09] [Server thread/INFO]: Bijytera issued server command: /sit
[13:14:12] [Server thread/INFO]: shad0w_yrd lost connection: Disconnected
[13:14:12] [Server thread/INFO]: shad0w_yrd left the game
[13:14:31] [Server thread/INFO]: Bijytera lost connection: Disconnected
[13:14:31] [Server thread/INFO]: Bijytera left the game
[13:16:35] [User Authenticator #36/INFO]: UUID of player shad0w_yrd is 2d37133d-f2ab-330c-9a92-702fb2c92964
[13:16:35] [Server thread/INFO]: shad0w_yrd joined the game
[13:16:35] [Server thread/INFO]: shad0w_yrd[/89.190.206.76:51604] logged in with entity id 284964 at ([world]105.4847846873918, 88.0, 814.431385325151)
[13:16:41] [Async Chat Thread - #12/INFO]: <shad0w_yrd> discord ?
[13:45:36] [Server thread/INFO]: Dentalux issued server command: /sit
[13:48:43] [Server thread/INFO]: Dentalux was slain by Iron Golem
[14:16:03] [Server thread/INFO]: Dentalux lost connection: Disconnected
[14:16:03] [Server thread/INFO]: Dentalux left the game
[14:16:59] [User Authenticator #37/INFO]: UUID of player Dentalux is 8ccd7560-30f4-3588-a510-11fae79ce2de
[14:17:00] [Server thread/INFO]: Dentalux joined the game
[14:17:00] [Server thread/INFO]: Dentalux[/89.190.206.76:64654] logged in with entity id 304683 at ([world]203.57780219772505, 104.0, 742.9299877942426)
[14:34:06] [Server thread/INFO]: Dentalux lost connection: Disconnected
[14:34:06] [Server thread/INFO]: Dentalux left the game
[14:34:17] [Server thread/INFO]: Fr0zenGuy lost connection: Disconnected
[14:34:17] [Server thread/INFO]: Fr0zenGuy left the game
[14:34:27] [User Authenticator #38/INFO]: UUID of player Dentalux is 8ccd7560-30f4-3588-a510-11fae79ce2de
[14:34:27] [Server thread/INFO]: Dentalux joined the game
[14:34:27] [Server thread/INFO]: Dentalux[/89.190.206.76:54088] logged in with entity id 308831 at ([world]198.99875923498274, 104.0, 740.4602101945086)
[14:34:33] [User Authenticator #38/INFO]: UUID of player Fr0zenGuy is 23ab2644-a1d2-3d41-b9d1-3454d774568f
[14:34:34] [Server thread/INFO]: Fr0zenGuy joined the game
[14:34:34] [Server thread/INFO]: Fr0zenGuy[/89.106.103.199:64752] logged in with entity id 308894 at ([world]276.094725540141, 64.875, 807.029481916043)
[14:45:38] [Server thread/INFO]: Fr0zenGuy lost connection: Disconnected
[14:45:38] [Server thread/INFO]: Fr0zenGuy left the game
[14:45:44] [Server thread/INFO]: Dentalux lost connection: Disconnected
[14:45:44] [Server thread/INFO]: Dentalux left the game
[14:45:50] [User Authenticator #39/INFO]: UUID of player Dentalux is 8ccd7560-30f4-3588-a510-11fae79ce2de
[14:45:50] [Server thread/INFO]: Dentalux joined the game
[14:45:50] [Server thread/INFO]: Dentalux[/89.190.206.76:53631] logged in with entity id 312374 at ([world]198.42191963117898, 109.0, 679.9105727419104)
[14:46:01] [User Authenticator #39/INFO]: UUID of player Fr0zenGuy is 23ab2644-a1d2-3d41-b9d1-3454d774568f
[14:46:01] [Server thread/INFO]: Fr0zenGuy joined the game
[14:46:01] [Server thread/INFO]: Fr0zenGuy[/89.106.103.199:64810] logged in with entity id 312406 at ([world]263.44272914153066, 65.0, 820.544059110343)
[14:49:53] [Server thread/INFO]: Dentalux lost connection: Disconnected
[14:49:53] [Server thread/INFO]: Dentalux left the game
[14:59:15] [Server thread/INFO]: Named entity EntityDrowned['███       '/315700, uuid='3bbe0d3f-e105-408b-97b2-4834946bac98', l='ServerLevel[world]', x=275.19, y=64.00, z=819.25, cpos=[17, 51], tl=40, v=true] died: ███        was slain by Fr0zenGuy
[14:59:27] [Server thread/INFO]: Fr0zenGuy lost connection: Disconnected
[14:59:27] [Server thread/INFO]: Fr0zenGuy left the game
[14:59:45] [User Authenticator #40/INFO]: UUID of player Fr0zenGuy is 23ab2644-a1d2-3d41-b9d1-3454d774568f
[14:59:45] [Server thread/INFO]: Fr0zenGuy joined the game
[14:59:45] [Server thread/INFO]: Fr0zenGuy[/89.106.103.199:64871] logged in with entity id 315785 at ([world]272.2162051129135, 64.0, 810.032724044781)
[14:59:58] [Server thread/INFO]: shad0w_yrd has made the advancement [Suit Up]
[14:59:59] [Server thread/INFO]: shad0w_yrd has made the advancement [Getting an Upgrade]
[15:00:52] [User Authenticator #41/INFO]: UUID of player Dentalux is 8ccd7560-30f4-3588-a510-11fae79ce2de
[15:00:52] [Server thread/INFO]: Dentalux joined the game
[15:00:52] [Server thread/INFO]: Dentalux[/89.190.206.76:53733] logged in with entity id 316115 at ([world]198.69999998807907, 107.0, 679.6999999880791)
[15:12:09] [Server thread/INFO]: Dentalux lost connection: Disconnected
[15:12:09] [Server thread/INFO]: Dentalux left the game
[15:12:10] [Server thread/INFO]: Fr0zenGuy lost connection: Disconnected
[15:12:10] [Server thread/INFO]: Fr0zenGuy left the game
[15:12:13] [User Authenticator #42/INFO]: UUID of player Dentalux is 8ccd7560-30f4-3588-a510-11fae79ce2de
[15:12:13] [Server thread/INFO]: Dentalux joined the game
[15:12:13] [Server thread/INFO]: Dentalux[/89.190.206.76:54332] logged in with entity id 319505 at ([world]198.28333504904583, 102.0, 740.7926626180473)
[15:12:14] [User Authenticator #42/INFO]: UUID of player Fr0zenGuy is 23ab2644-a1d2-3d41-b9d1-3454d774568f
[15:12:15] [Server thread/INFO]: Fr0zenGuy joined the game
[15:12:15] [Server thread/INFO]: Fr0zenGuy[/89.106.103.199:50035] logged in with entity id 319532 at ([world]273.7060674650985, 64.0, 810.5885224199784)
[15:23:46] [Server thread/INFO]: Dentalux lost connection: Disconnected
[15:23:46] [Server thread/INFO]: Dentalux left the game
[15:23:47] [Server thread/INFO]: Fr0zenGuy lost connection: Disconnected
[15:23:47] [Server thread/INFO]: Fr0zenGuy left the game
[15:24:06] [User Authenticator #43/INFO]: UUID of player Fr0zenGuy is 23ab2644-a1d2-3d41-b9d1-3454d774568f
[15:24:07] [Server thread/INFO]: Fr0zenGuy joined the game
[15:24:07] [Server thread/INFO]: Fr0zenGuy[/89.106.103.199:50090] logged in with entity id 322529 at ([world]264.91656624028263, 65.0, 810.7092763600763)
[15:25:34] [User Authenticator #44/INFO]: UUID of player Dentalux is 8ccd7560-30f4-3588-a510-11fae79ce2de
[15:25:34] [Server thread/INFO]: Dentalux joined the game
[15:25:34] [Server thread/INFO]: Dentalux[/89.190.206.76:53837] logged in with entity id 322913 at ([world]201.94387624830034, 103.0, 757.550441524879)
[15:26:12] [User Authenticator #44/INFO]: UUID of player Bijytera is 7d5a1814-f3bc-3809-96b1-12859ffdcb66
[15:26:12] [Server thread/INFO]: Bijytera joined the game
[15:26:12] [Server thread/INFO]: Bijytera[/78.130.207.175:54265] logged in with entity id 323079 at ([world]146.5, 104.0, 817.5)
[15:34:54] [Server thread/INFO]: Fr0zenGuy lost connection: Disconnected
[15:34:54] [Server thread/INFO]: Fr0zenGuy left the game
[15:34:56] [Server thread/INFO]: Bijytera lost connection: Disconnected
[15:34:56] [Server thread/INFO]: Bijytera left the game
[15:34:57] [Server thread/INFO]: Dentalux lost connection: Disconnected
[15:34:57] [Server thread/INFO]: Dentalux left the game
[15:35:08] [User Authenticator #45/INFO]: UUID of player Dentalux is 8ccd7560-30f4-3588-a510-11fae79ce2de
[15:35:08] [Server thread/INFO]: Dentalux joined the game
[15:35:08] [Server thread/INFO]: Dentalux[/89.190.206.76:58862] logged in with entity id 325259 at ([world]202.1869389754912, 104.0, 756.1647878680077)
[15:35:16] [User Authenticator #45/INFO]: UUID of player Bijytera is 7d5a1814-f3bc-3809-96b1-12859ffdcb66
[15:35:16] [Server thread/INFO]: Bijytera joined the game
[15:35:16] [Server thread/INFO]: Bijytera[/78.130.207.175:54316] logged in with entity id 325346 at ([world]197.13548503166012, 104.0, 764.0016919008408)
[15:35:17] [User Authenticator #45/INFO]: UUID of player Fr0zenGuy is 23ab2644-a1d2-3d41-b9d1-3454d774568f
[15:35:17] [Server thread/INFO]: Fr0zenGuy joined the game
[15:35:17] [Server thread/INFO]: Fr0zenGuy[/89.106.103.199:50150] logged in with entity id 325347 at ([world]267.30285830240473, 73.0, 812.5252315934422)
[15:39:36] [Server thread/INFO]: Bijytera issued server command: /sit
[15:47:22] [Server thread/INFO]: Dentalux lost connection: Disconnected
[15:47:22] [Server thread/INFO]: Dentalux left the game
[15:47:28] [Server thread/INFO]: Bijytera lost connection: Disconnected
[15:47:28] [Server thread/INFO]: Bijytera left the game
[15:47:33] [Server thread/INFO]: Fr0zenGuy lost connection: Disconnected
[15:47:33] [Server thread/INFO]: Fr0zenGuy left the game
[15:47:46] [User Authenticator #46/INFO]: UUID of player Dentalux is 8ccd7560-30f4-3588-a510-11fae79ce2de
[15:47:46] [Server thread/INFO]: Dentalux joined the game
[15:47:46] [Server thread/INFO]: Dentalux[/89.190.206.76:53947] logged in with entity id 329646 at ([world]200.98750001192093, 104.0, 760.1138226422902)
[15:47:48] [User Authenticator #46/INFO]: UUID of player Fr0zenGuy is 23ab2644-a1d2-3d41-b9d1-3454d774568f
[15:47:48] [Server thread/INFO]: Fr0zenGuy joined the game
[15:47:48] [Server thread/INFO]: Fr0zenGuy[/89.106.103.199:50216] logged in with entity id 329710 at ([world]265.7513204200338, 71.0, 815.9532375038651)
[15:53:58] [User Authenticator #47/INFO]: UUID of player Bijytera is 7d5a1814-f3bc-3809-96b1-12859ffdcb66
[15:53:58] [Server thread/INFO]: Bijytera joined the game
[15:53:58] [Server thread/INFO]: Bijytera[/78.130.207.175:54398] logged in with entity id 331328 at ([world]168.89768073919285, 103.9375, 800.566740178203)
[16:06:36] [Server thread/INFO]: Dentalux lost connection: Disconnected
[16:06:36] [Server thread/INFO]: Dentalux left the game
[16:06:37] [Server thread/INFO]: Bijytera lost connection: Disconnected
[16:06:37] [Server thread/INFO]: Bijytera left the game
[16:06:37] [Server thread/INFO]: Fr0zenGuy lost connection: Disconnected
[16:06:37] [Server thread/INFO]: Fr0zenGuy left the game
[16:06:43] [User Authenticator #48/INFO]: UUID of player Dentalux is 8ccd7560-30f4-3588-a510-11fae79ce2de
[16:06:43] [Server thread/INFO]: Dentalux joined the game
[16:06:43] [Server thread/INFO]: Dentalux[/89.190.206.76:54033] logged in with entity id 334721 at ([world]201.69999998807907, 102.0, 757.3287595478259)
[16:06:47] [User Authenticator #48/INFO]: UUID of player Fr0zenGuy is 23ab2644-a1d2-3d41-b9d1-3454d774568f
[16:06:47] [Server thread/INFO]: Fr0zenGuy joined the game
[16:06:47] [Server thread/INFO]: Fr0zenGuy[/89.106.103.199:49500] logged in with entity id 334745 at ([world]266.52614576685056, 65.0, 814.3464705046933)
[16:10:15] [User Authenticator #49/INFO]: UUID of player BGHerobrine is c8628b1e-fe07-32a2-9677-391e3aacebeb
[16:10:15] [Server thread/INFO]: BGHerobrine joined the game
[16:10:15] [Server thread/INFO]: BGHerobrine[/84.252.52.113:50840] logged in with entity id 336372 at ([world]197.58464672443472, 117.0, 835.296589177993)
[16:11:28] [User Authenticator #50/INFO]: UUID of player Bijytera is 7d5a1814-f3bc-3809-96b1-12859ffdcb66
[16:11:28] [Server thread/INFO]: Bijytera joined the game
[16:11:28] [Server thread/INFO]: Bijytera[/78.130.207.175:54485] logged in with entity id 336732 at ([world]199.96087291411732, 98.0, 806.3342862154084)
[16:22:16] [Server thread/INFO]: Bijytera lost connection: Disconnected
[16:22:16] [Server thread/INFO]: Bijytera left the game
[16:22:43] [Server thread/WARN]: BGHerobrine moved too quickly! 2.395471734479429,-12.527765923782525,-3.017723633019159
[16:22:43] [Server thread/WARN]: Dentalux moved too quickly! 9.227429876877153,-1.0,4.910705478097157
[16:23:37] [Server thread/INFO]: BGHerobrine lost connection: Disconnected
[16:23:37] [Server thread/INFO]: BGHerobrine left the game
[16:23:38] [Server thread/INFO]: Fr0zenGuy lost connection: Disconnected
[16:23:38] [Server thread/INFO]: Fr0zenGuy left the game
[16:23:44] [User Authenticator #51/INFO]: UUID of player BGHerobrine is c8628b1e-fe07-32a2-9677-391e3aacebeb
[16:23:44] [Server thread/INFO]: BGHerobrine joined the game
[16:23:44] [Server thread/INFO]: BGHerobrine[/84.252.52.113:50876] logged in with entity id 346330 at ([world]675.467217332531, 62.073264324665075, -1432.1819427140879)
[16:23:45] [User Authenticator #51/INFO]: UUID of player Fr0zenGuy is 23ab2644-a1d2-3d41-b9d1-3454d774568f
[16:23:45] [Server thread/INFO]: Fr0zenGuy joined the game
[16:23:45] [Server thread/INFO]: Fr0zenGuy[/89.106.103.199:49578] logged in with entity id 346334 at ([world]267.1228809554956, 65.0, 813.9017228714383)
[16:24:35] [Async Chat Thread - #13/INFO]: <Dentalux> 700/-6/1600
[16:25:39] [User Authenticator #52/INFO]: UUID of player Bijytera is 7d5a1814-f3bc-3809-96b1-12859ffdcb66
[16:25:40] [Server thread/INFO]: Bijytera joined the game
[16:25:40] [Server thread/INFO]: Bijytera[/78.130.207.175:54548] logged in with entity id 347626 at ([world]206.0003195246231, 98.0, 817.0086453832565)
[16:35:08] [Server thread/INFO]: Dentalux lost connection: Disconnected
[16:35:08] [Server thread/INFO]: Dentalux left the game
[16:35:09] [Server thread/INFO]: Fr0zenGuy lost connection: Disconnected
[16:35:09] [Server thread/INFO]: Fr0zenGuy left the game
[16:35:10] [Server thread/INFO]: Bijytera lost connection: Disconnected
[16:35:10] [Server thread/INFO]: Bijytera left the game
[16:35:11] [Server thread/INFO]: BGHerobrine lost connection: Disconnected
[16:35:11] [Server thread/INFO]: BGHerobrine left the game
[16:35:15] [User Authenticator #53/INFO]: UUID of player Dentalux is 8ccd7560-30f4-3588-a510-11fae79ce2de
[16:35:15] [Server thread/INFO]: Dentalux joined the game
[16:35:15] [Server thread/INFO]: Dentalux[/89.190.206.76:54794] logged in with entity id 352396 at ([world]220.8119708360677, 102.0, 763.775697521062)
[16:35:24] [User Authenticator #53/INFO]: UUID of player Fr0zenGuy is 23ab2644-a1d2-3d41-b9d1-3454d774568f
[16:35:24] [Server thread/INFO]: Fr0zenGuy joined the game
[16:35:24] [Server thread/INFO]: Fr0zenGuy[/89.106.103.199:49634] logged in with entity id 352479 at ([world]266.74216461750547, 65.0, 811.1317558743542)
[16:35:26] [User Authenticator #53/INFO]: UUID of player BGHerobrine is c8628b1e-fe07-32a2-9677-391e3aacebeb
[16:35:26] [Server thread/INFO]: BGHerobrine joined the game
[16:35:26] [Server thread/INFO]: BGHerobrine[/84.252.52.113:50916] logged in with entity id 352508 at ([world]388.4492057756823, 44.0, -1512.191918841297)
[16:35:31] [User Authenticator #53/INFO]: UUID of player Bijytera is 7d5a1814-f3bc-3809-96b1-12859ffdcb66
[16:35:31] [Server thread/INFO]: Bijytera joined the game
[16:35:31] [Server thread/INFO]: Bijytera[/78.130.207.175:54712] logged in with entity id 352675 at ([world]200.78355939614858, 98.0, 804.021293857343)
[16:36:15] [Server thread/INFO]: Bijytera issued server command: /sit
[16:43:11] [Async Chat Thread - #14/INFO]: <Dentalux> 671/-1/1598[15:51:41 INFO]: <BGHerobrine> zapi6i gi na nqkoq tabela[15:52:32 INFO]: <BGHerobrine> na portala sa 700/-6/1600
[17:04:27] [Server thread/INFO]: Bijytera has made the advancement [Best Friends Forever]
[17:28:34] [Server thread/INFO]: BGHerobrine lost connection: Disconnected
[17:28:34] [Server thread/INFO]: BGHerobrine left the game
[17:29:05] [Server thread/INFO]: Fr0zenGuy lost connection: Disconnected
[17:29:05] [Server thread/INFO]: Fr0zenGuy left the game
[17:30:41] [User Authenticator #54/INFO]: UUID of player BGHerobrine is c8628b1e-fe07-32a2-9677-391e3aacebeb
[17:30:42] [Server thread/INFO]: BGHerobrine joined the game
[17:30:42] [Server thread/INFO]: BGHerobrine[/84.252.52.113:65511] logged in with entity id 380818 at ([world]875.0034192087779, -44.0, 1387.7153480425927)
[17:34:47] [Server thread/INFO]: Bijytera lost connection: Disconnected
[17:34:47] [Server thread/INFO]: Bijytera left the game
[17:34:59] [Server thread/INFO]: [Server] BGHerobrine will be kicked say
[17:35:07] [Server thread/INFO]: [Server] when
[17:37:26] [Server thread/INFO]: Dentalux lost connection: Disconnected
[17:37:26] [Server thread/INFO]: Dentalux left the game
[17:37:26] [Server thread/INFO]: shad0w_yrd lost connection: Disconnected
[17:37:26] [Server thread/INFO]: shad0w_yrd left the game
[17:39:35] [User Authenticator #55/INFO]: UUID of player BGHerobrine is c8628b1e-fe07-32a2-9677-391e3aacebeb
[17:39:36] [Server thread/INFO]: BGHerobrine lost connection: You logged in from another location
[17:39:36] [Server thread/INFO]: BGHerobrine left the game
[17:39:36] [Server thread/INFO]: BGHerobrine joined the game
[17:39:36] [Server thread/INFO]: BGHerobrine[/84.252.52.113:61450] logged in with entity id 383860 at ([world]853.4342870831582, -2.6517088341626174, 1396.6746555086543)
[17:49:42] [Server thread/WARN]: BGHerobrine moved too quickly! 9.647729980203621,-0.3235291238557303,-7.119287521152046
[17:51:09] [Server thread/INFO]: BGHerobrine lost connection: Disconnected
[17:51:09] [Server thread/INFO]: BGHerobrine left the game
[17:51:12] [User Authenticator #56/INFO]: UUID of player BGHerobrine is c8628b1e-fe07-32a2-9677-391e3aacebeb
[17:51:12] [Server thread/INFO]: BGHerobrine joined the game
[17:51:12] [Server thread/INFO]: BGHerobrine[/84.252.52.113:61517] logged in with entity id 385830 at ([world]1157.4740335532133, -4.0, 1277.9619279404667)
[17:52:29] [Server thread/INFO]: BGHerobrine lost connection: Disconnected
[17:52:29] [Server thread/INFO]: BGHerobrine left the game
[17:52:36] [User Authenticator #57/INFO]: UUID of player BGHerobrine is c8628b1e-fe07-32a2-9677-391e3aacebeb
[17:52:36] [Server thread/INFO]: BGHerobrine joined the game
[17:52:36] [Server thread/INFO]: BGHerobrine[/84.252.52.113:61552] logged in with entity id 386023 at ([world]1151.5571161828934, 6.67411349989292, 1285.0752831178722)
[17:54:36] [Server thread/INFO]: BGHerobrine lost connection: Disconnected
[17:54:36] [Server thread/INFO]: BGHerobrine left the game
[17:54:49] [User Authenticator #58/INFO]: UUID of player BGHerobrine is c8628b1e-fe07-32a2-9677-391e3aacebeb
[17:54:49] [Server thread/INFO]: BGHerobrine joined the game
[17:54:49] [Server thread/INFO]: BGHerobrine[/84.252.52.113:61613] logged in with entity id 386321 at ([world]1166.7362188384832, -6.0, 1311.819328191363)
[17:54:51] [Server thread/INFO]: Named entity EntityBat['██        '/386464, uuid='0c46e029-a280-400b-ad30-5ce3450b4738', l='ServerLevel[world]', x=1184.15, y=-52.10, z=1418.56, cpos=[74, 88], tl=417, v=true] died: ██         burned to death
[17:55:36] [Server thread/INFO]: BGHerobrine lost connection: Disconnected
[17:55:36] [Server thread/INFO]: BGHerobrine left the game
[17:55:51] [User Authenticator #59/INFO]: UUID of player BGHerobrine is c8628b1e-fe07-32a2-9677-391e3aacebeb
[17:55:51] [Server thread/INFO]: BGHerobrine joined the game
[17:55:51] [Server thread/INFO]: BGHerobrine[/84.252.52.113:61657] logged in with entity id 386619 at ([world]1176.5615972677774, 1.0, 1324.709267669358)
[17:55:55] [Server thread/INFO]: Named entity EntityZombie['████████▌ '/386645, uuid='fd3f8dc7-f8f3-4fbb-bede-7c069d5c8fea', l='ServerLevel[world]', x=1175.55, y=-1.00, z=1323.52, cpos=[73, 82], tl=1663, v=true] died: ████████▌  was slain by BGHerobrine
[18:06:13] [Server thread/INFO]: BGHerobrine lost connection: Disconnected
[18:06:13] [Server thread/INFO]: BGHerobrine left the game
[18:06:14] [User Authenticator #60/INFO]: UUID of player BGHerobrine is c8628b1e-fe07-32a2-9677-391e3aacebeb
[18:06:14] [Server thread/INFO]: BGHerobrine joined the game
[18:06:14] [Server thread/INFO]: BGHerobrine[/84.252.52.113:61681] logged in with entity id 388558 at ([world]1266.3764952964036, 9.0, 1172.7380791094085)
[18:08:43] [Server thread/INFO]: BGHerobrine lost connection: Disconnected
[18:08:43] [Server thread/INFO]: BGHerobrine left the game
[18:09:20] [User Authenticator #61/INFO]: UUID of player BGHerobrine is c8628b1e-fe07-32a2-9677-391e3aacebeb
[18:09:20] [Server thread/INFO]: BGHerobrine joined the game
[18:09:20] [Server thread/INFO]: BGHerobrine[/84.252.52.113:61731] logged in with entity id 389005 at ([world]1207.699999988079, 8.0, 1151.9321033276262)
[18:23:20] [Server thread/WARN]: BGHerobrine moved too quickly! -21.08912976877059,4.0,6.375717009887694
[18:28:42] [User Authenticator #62/INFO]: UUID of player Fr0zenGuy is 23ab2644-a1d2-3d41-b9d1-3454d774568f
[18:28:42] [Server thread/INFO]: Fr0zenGuy joined the game
[18:28:42] [Server thread/INFO]: Fr0zenGuy[/89.106.103.199:57502] logged in with entity id 393257 at ([world]180.5795341305012, 107.0625, 823.7757532292989)
[18:32:06] [User Authenticator #63/INFO]: UUID of player Dentalux is 8ccd7560-30f4-3588-a510-11fae79ce2de
[18:32:06] [Server thread/INFO]: Dentalux joined the game
[18:32:06] [Server thread/INFO]: Dentalux[/89.190.206.76:54362] logged in with entity id 393836 at ([world]205.43879445272057, 104.0, 817.3664670914496)
[18:36:04] [Server thread/WARN]: BGHerobrine was kicked for floating too long!
[18:36:04] [Server thread/INFO]: BGHerobrine lost connection: Flying is not enabled on this server
[18:36:04] [Server thread/INFO]: BGHerobrine left the game
[18:36:16] [User Authenticator #64/INFO]: UUID of player BGHerobrine is c8628b1e-fe07-32a2-9677-391e3aacebeb
[18:36:16] [Server thread/INFO]: BGHerobrine joined the game
[18:36:16] [Server thread/INFO]: BGHerobrine[/84.252.52.113:61865] logged in with entity id 394882 at ([world]190.03307615874692, 104.84610397459554, 836.8615362300153)
[18:47:35] [Server thread/INFO]: Fr0zenGuy lost connection: Disconnected
[18:47:35] [Server thread/INFO]: Fr0zenGuy left the game
[18:52:20] [User Authenticator #65/INFO]: UUID of player BGHerobrine is c8628b1e-fe07-32a2-9677-391e3aacebeb
[18:52:20] [Server thread/INFO]: BGHerobrine lost connection: You logged in from another location
[18:52:20] [Server thread/INFO]: BGHerobrine left the game
[18:52:20] [Server thread/INFO]: BGHerobrine joined the game
[18:52:20] [Server thread/INFO]: BGHerobrine[/84.252.52.113:61954] logged in with entity id 399063 at ([world]175.38379127523308, 106.0, 845.5760933894617)
[19:03:20] [User Authenticator #66/INFO]: UUID of player shad0w_yrd is 2d37133d-f2ab-330c-9a92-702fb2c92964
[19:03:20] [Server thread/INFO]: shad0w_yrd joined the game
[19:03:20] [Server thread/INFO]: shad0w_yrd[/89.190.206.76:63222] logged in with entity id 401194 at ([world]203.51359058667137, 104.0, 828.1157490876138)
[19:10:05] [Server thread/INFO]: shad0w_yrd has made the advancement [Hot Stuff]
[19:13:36] [Server thread/INFO]: BGHerobrine lost connection: Disconnected
[19:13:36] [Server thread/INFO]: BGHerobrine left the game
[19:19:18] [Server thread/INFO]: shad0w_yrd lost connection: Disconnected
[19:19:18] [Server thread/INFO]: shad0w_yrd left the game
[19:20:20] [User Authenticator #67/INFO]: UUID of player shad0w_yrd is 2d37133d-f2ab-330c-9a92-702fb2c92964
[19:20:20] [Server thread/INFO]: shad0w_yrd joined the game
[19:20:20] [Server thread/INFO]: shad0w_yrd[/89.190.206.76:55333] logged in with entity id 404395 at ([world]192.47163703043984, 104.0, 791.392055876852)
[19:21:45] [Server thread/INFO]: shad0w_yrd lost connection: Disconnected
[19:21:45] [Server thread/INFO]: shad0w_yrd left the game
[19:21:51] [User Authenticator #68/INFO]: UUID of player shad0w_yrd is 2d37133d-f2ab-330c-9a92-702fb2c92964
[19:21:51] [Server thread/INFO]: shad0w_yrd joined the game
[19:21:51] [Server thread/INFO]: shad0w_yrd[/89.190.206.76:54406] logged in with entity id 404632 at ([world]103.88471308726623, 88.0, 815.2245929539612)
[19:21:56] [Server thread/INFO]: shad0w_yrd lost connection: Disconnected
[19:21:56] [Server thread/INFO]: shad0w_yrd left the game
[19:22:00] [User Authenticator #68/INFO]: UUID of player shad0w_yrd is 2d37133d-f2ab-330c-9a92-702fb2c92964
[19:22:00] [Server thread/INFO]: shad0w_yrd joined the game
[19:22:00] [Server thread/INFO]: shad0w_yrd[/89.190.206.76:54416] logged in with entity id 404695 at ([world]102.48750001192093, 88.0, 816.0353631112132)
[19:37:52] [Server thread/INFO]: Villager EntityVillager['Villager'/318619, uuid='8e033332-577e-44ad-b5ec-7d0acbd3e686', l='ServerLevel[world]', x=182.73, y=96.90, z=789.93, cpos=[11, 49], tl=322780, v=true] died, message: 'Villager was slain by shad0w_yrd'
[19:51:57] [User Authenticator #69/INFO]: UUID of player Fr0zenGuy is 23ab2644-a1d2-3d41-b9d1-3454d774568f
[19:51:57] [Server thread/INFO]: Fr0zenGuy joined the game
[19:51:57] [Server thread/INFO]: Fr0zenGuy[/89.106.103.199:60072] logged in with entity id 409989 at ([world]207.62073318706175, 104.0, 815.1640080559116)
[19:53:26] [User Authenticator #70/INFO]: UUID of player BGHerobrine is c8628b1e-fe07-32a2-9677-391e3aacebeb
[19:53:26] [Server thread/INFO]: BGHerobrine joined the game
[19:53:26] [Server thread/INFO]: BGHerobrine[/84.252.52.113:56263] logged in with entity id 410334 at ([world]197.02341741374767, 126.0, 838.202426084932)
[19:54:37] [Server thread/WARN]: shad0w_yrd moved wrongly!
[20:08:15] [Server thread/INFO]: BGHerobrine lost connection: Disconnected
[20:08:15] [Server thread/INFO]: BGHerobrine left the game
[20:08:30] [User Authenticator #71/INFO]: UUID of player BGHerobrine is c8628b1e-fe07-32a2-9677-391e3aacebeb
[20:08:30] [Server thread/INFO]: BGHerobrine joined the game
[20:08:30] [Server thread/INFO]: BGHerobrine[/84.252.52.113:56320] logged in with entity id 413409 at ([world]139.22458551304157, 108.0, 856.6899031581194)
[20:08:30] [Server thread/INFO]: BGHerobrine lost connection: Disconnected
[20:08:30] [Server thread/INFO]: BGHerobrine left the game
[20:08:42] [User Authenticator #71/INFO]: UUID of player BGHerobrine is c8628b1e-fe07-32a2-9677-391e3aacebeb
[20:08:42] [Server thread/INFO]: BGHerobrine joined the game
[20:08:42] [Server thread/INFO]: BGHerobrine[/84.252.52.113:56335] logged in with entity id 413445 at ([world]139.22458551304157, 108.0, 856.6899031581194)
[20:09:35] [Server thread/INFO]: Fr0zenGuy lost connection: Disconnected
[20:09:35] [Server thread/INFO]: Fr0zenGuy left the game
[20:09:40] [User Authenticator #71/INFO]: UUID of player Fr0zenGuy is 23ab2644-a1d2-3d41-b9d1-3454d774568f
[20:09:40] [Server thread/INFO]: Fr0zenGuy joined the game
[20:09:40] [Server thread/INFO]: Fr0zenGuy[/89.106.103.199:56223] logged in with entity id 413621 at ([world]172.02011753803322, 103.9375, 815.8285172109647)
[20:18:36] [Server thread/INFO]: BGHerobrine lost connection: Disconnected
[20:18:36] [Server thread/INFO]: BGHerobrine left the game
[20:18:38] [User Authenticator #72/INFO]: UUID of player BGHerobrine is c8628b1e-fe07-32a2-9677-391e3aacebeb
[20:18:38] [Server thread/INFO]: BGHerobrine joined the game
[20:18:38] [Server thread/INFO]: BGHerobrine[/84.252.52.113:56380] logged in with entity id 415438 at ([world]181.65220041405678, 111.0, 785.7223738651617)
[20:19:00] [Server thread/INFO]: BGHerobrine lost connection: Disconnected
[20:19:00] [Server thread/INFO]: BGHerobrine left the game
[20:19:01] [User Authenticator #72/INFO]: UUID of player BGHerobrine is c8628b1e-fe07-32a2-9677-391e3aacebeb
[20:19:01] [Server thread/INFO]: BGHerobrine joined the game
[20:19:01] [Server thread/INFO]: BGHerobrine[/84.252.52.113:56392] logged in with entity id 415497 at ([world]172.60246565120286, 104.0, 853.7071245427711)
[20:21:04] [Server thread/INFO]: shad0w_yrd lost connection: Disconnected
[20:21:04] [Server thread/INFO]: shad0w_yrd left the game
[20:21:06] [Server thread/INFO]: Fr0zenGuy lost connection: Disconnected
[20:21:06] [Server thread/INFO]: Fr0zenGuy left the game
[20:21:09] [User Authenticator #73/INFO]: UUID of player shad0w_yrd is 2d37133d-f2ab-330c-9a92-702fb2c92964
[20:21:09] [Server thread/INFO]: shad0w_yrd joined the game
[20:21:09] [Server thread/INFO]: shad0w_yrd[/89.190.206.76:55615] logged in with entity id 416235 at ([world]359.88665045558275, 95.0, 848.3248297483674)
[20:21:10] [User Authenticator #73/INFO]: UUID of player Fr0zenGuy is 23ab2644-a1d2-3d41-b9d1-3454d774568f
[20:21:10] [Server thread/INFO]: Fr0zenGuy joined the game
[20:21:10] [Server thread/INFO]: Fr0zenGuy[/89.106.103.199:56260] logged in with entity id 416254 at ([world]223.47896364520318, 87.0, 820.7578616480392)
[20:27:49] [Server thread/INFO]: BGHerobrine lost connection: Disconnected
[20:27:49] [Server thread/INFO]: BGHerobrine left the game
[20:28:42] [User Authenticator #74/INFO]: UUID of player exorin is 30ad9c07-b9cc-3e40-8b50-097c34e2b175
[20:28:42] [Server thread/INFO]: exorin joined the game
[20:28:42] [Server thread/INFO]: exorin[/77.76.178.232:51001] logged in with entity id 418317 at ([world]181.73625395506625, 126.0, 840.3824130698346)
[20:31:41] [Server thread/INFO]: exorin has made the advancement [Acquire Hardware]
[20:31:55] [Server thread/INFO]: exorin has made the advancement [Suit Up]
[20:32:03] [Server thread/INFO]: exorin has made the advancement [Diamonds!]
[20:39:24] [Server thread/INFO]: shad0w_yrd has made the advancement [Ice Bucket Challenge]
[20:40:19] [Server thread/INFO]: exorin has made the advancement [Isn't It Iron Pick]
[20:42:46] [Server thread/INFO]: Dentalux issued server command: /spin
[20:43:00] [Server thread/INFO]: exorin issued server command: /sit
[20:43:19] [Server thread/INFO]: exorin has made the advancement [Stone Age]
[20:43:52] [Server thread/INFO]: exorin has made the advancement [Ice Bucket Challenge]
[21:12:26] [Server thread/INFO]: Dentalux lost connection: Disconnected
[21:12:26] [Server thread/INFO]: Dentalux left the game
[21:12:40] [Server thread/INFO]: exorin lost connection: Disconnected
[21:12:40] [Server thread/INFO]: exorin left the game
[21:12:56] [User Authenticator #75/INFO]: UUID of player exorin is 30ad9c07-b9cc-3e40-8b50-097c34e2b175
[21:12:56] [Server thread/INFO]: exorin joined the game
[21:12:56] [Server thread/INFO]: exorin[/77.76.178.232:62593] logged in with entity id 426876 at ([world]163.99328396913674, 107.0, 844.5461704144409)
[21:23:46] [Server thread/INFO]: exorin lost connection: Disconnected
[21:23:46] [Server thread/INFO]: exorin left the game
[21:23:56] [User Authenticator #76/INFO]: UUID of player exorin is 30ad9c07-b9cc-3e40-8b50-097c34e2b175
[21:23:56] [Server thread/INFO]: exorin joined the game
[21:23:56] [Server thread/INFO]: exorin[/77.76.178.232:62698] logged in with entity id 428689 at ([world]171.41174353760675, 110.0, 841.8251405104619)
[21:28:54] [User Authenticator #77/INFO]: UUID of player Dentalux is 8ccd7560-30f4-3588-a510-11fae79ce2de
[21:28:54] [Server thread/INFO]: Dentalux joined the game
[21:28:54] [Server thread/INFO]: Dentalux[/89.190.206.76:53736] logged in with entity id 429429 at ([world]160.48095116691036, 103.9375, 836.0147447629308)
[21:29:01] [Server thread/INFO]: Dentalux lost connection: Disconnected
[21:29:01] [Server thread/INFO]: Dentalux left the game
[21:29:42] [User Authenticator #77/INFO]: UUID of player Dentalux is 8ccd7560-30f4-3588-a510-11fae79ce2de
[21:29:42] [Server thread/INFO]: Dentalux joined the game
[21:29:42] [Server thread/INFO]: Dentalux[/89.190.206.76:55887] logged in with entity id 429577 at ([world]160.48095116691036, 103.9375, 836.0147447629308)
[21:40:59] [Server thread/INFO]: exorin has made the advancement [Sweet Dreams]
[21:41:30] [Server thread/INFO]: Dentalux issued server command: /sit
[21:41:43] [Server thread/INFO]: Dentalux issued server command: /lay
[21:41:47] [Server thread/INFO]: exorin issued server command: /lay
[21:41:51] [Server thread/INFO]: shad0w_yrd issued server command: /sit
[21:42:44] [Server thread/INFO]: shad0w_yrd issued server command: /sit
[21:42:46] [Server thread/INFO]: Dentalux issued server command: /sit
[21:43:03] [Server thread/INFO]: shad0w_yrd issued server command: /sit
[21:43:03] [Server thread/INFO]: Dentalux issued server command: /sit
[21:45:36] [Server thread/INFO]: exorin has made the advancement [We Need to Go Deeper]
[21:53:30] [Server thread/INFO]: exorin has made the advancement [Monster Hunter]
[22:03:37] [Server thread/INFO]: Dentalux issued server command: /spin
[22:05:18] [Server thread/INFO]: Dentalux issued server command: /gsit:bellyflop
[22:09:20] [Server thread/INFO]: exorin lost connection: Disconnected
[22:09:20] [Server thread/INFO]: exorin left the game
[22:09:24] [User Authenticator #78/INFO]: UUID of player exorin is 30ad9c07-b9cc-3e40-8b50-097c34e2b175
[22:09:24] [Server thread/INFO]: exorin joined the game
[22:09:24] [Server thread/INFO]: exorin[/77.76.178.232:51196] logged in with entity id 437030 at ([world]174.30000001192093, 103.0, 790.6999999880791)
[22:09:34] [Server thread/INFO]: exorin issued server command: /spin
[22:12:40] [Server thread/INFO]: exorin lost connection: Disconnected
[22:12:40] [Server thread/INFO]: exorin left the game
[22:12:43] [User Authenticator #79/INFO]: UUID of player exorin is 30ad9c07-b9cc-3e40-8b50-097c34e2b175
[22:12:44] [Server thread/INFO]: exorin joined the game
[22:12:44] [Server thread/INFO]: exorin[/77.76.178.232:51219] logged in with entity id 437654 at ([world]192.47244340139972, 118.16649117765081, 830.7736196861206)
[22:12:45] [Server thread/INFO]: exorin fell from a high place
[22:16:03] [Server thread/INFO]: exorin was shot by shad0w_yrd using [AWP]
[22:16:09] [Server thread/INFO]: exorin lost connection: Disconnected
[22:16:09] [Server thread/INFO]: exorin left the game
[22:17:10] [Server thread/INFO]: Dentalux issued server command: /SIT
[22:18:04] [Server thread/INFO]: Dentalux issued server command: /LAY
[22:18:06] [Server thread/INFO]: Dentalux issued server command: /LAY
[22:18:12] [Server thread/INFO]: Dentalux issued server command: /lay
[22:18:28] [Server thread/INFO]: Dentalux issued server command: /bellyflop
[22:18:33] [Server thread/INFO]: Dentalux issued server command: /bellyflop
[22:18:43] [Server thread/INFO]: Dentalux issued server command: /bellyflop
[22:18:45] [Server thread/INFO]: Fr0zenGuy lost connection: Disconnected
[22:18:45] [Server thread/INFO]: Fr0zenGuy left the game
[22:19:21] [Server thread/INFO]: Dentalux lost connection: Disconnected
[22:19:21] [Server thread/INFO]: Dentalux left the game
[22:21:04] [Server thread/INFO]: shad0w_yrd lost connection: Disconnected
[22:21:04] [Server thread/INFO]: shad0w_yrd left the game
[22:38:01] [Server thread/INFO]: Stopping server
[22:38:02] [Server thread/INFO]: [HealthBar] Configuration file saved.
[22:38:02] [Server thread/INFO]: [GSit] The Plugin was successfully disabled.
[22:38:02] [Server thread/INFO]: Saving players
[22:38:03] [Server thread/INFO]: Saving worlds
[22:38:09] [Server thread/INFO]: Saving chunks for level 'ServerLevel[world]'/minecraft:overworld
